<?xml version="1.0" encoding="UTF-8"?>
<testng-results ignored="0" total="1" passed="1" failed="0" skipped="0">
  <reporter-output>
  </reporter-output>
  <suite started-at="2022-10-04T01:16:15 IST" name="Default suite" finished-at="2022-10-04T01:17:12 IST" duration-ms="56840">
    <groups>
    </groups>
    <test started-at="2022-10-04T01:16:15 IST" name="Default test" finished-at="2022-10-04T01:17:12 IST" duration-ms="56840">
      <class name="Login">
        <test-method signature="f()[pri:0, instance:Login@21e360a]" started-at="2022-10-04T01:16:16 IST" name="f" finished-at="2022-10-04T01:17:12 IST" duration-ms="56741" status="PASS">
          <reporter-output>
          </reporter-output>
        </test-method> <!-- f -->
      </class> <!-- Login -->
    </test> <!-- Default test -->
  </suite> <!-- Default suite -->
</testng-results>
