<?xml version="1.0" encoding="UTF-8"?>
<testng-results ignored="0" total="1" passed="1" failed="0" skipped="0">
  <reporter-output>
  </reporter-output>
  <suite started-at="2022-10-05T14:10:19 IST" name="Default suite" finished-at="2022-10-05T14:10:59 IST" duration-ms="39123">
    <groups>
    </groups>
    <test started-at="2022-10-05T14:10:19 IST" name="Default test" finished-at="2022-10-05T14:10:59 IST" duration-ms="39123">
      <class name="NewTest">
        <test-method signature="f()[pri:0, instance:NewTest@58d75e99]" started-at="2022-10-05T14:10:20 IST" name="f" finished-at="2022-10-05T14:10:59 IST" duration-ms="39060" status="PASS">
          <reporter-output>
          </reporter-output>
        </test-method> <!-- f -->
      </class> <!-- NewTest -->
    </test> <!-- Default test -->
  </suite> <!-- Default suite -->
</testng-results>
